<?xml version="1.0" encoding="UTF-8"?>
<testng-results ignored="0" total="4" passed="4" failed="0" skipped="0">
  <reporter-output>
  </reporter-output>
  <suite started-at="2024-10-04T21:06:15 IST" name="Suite" finished-at="2024-10-04T21:06:40 IST" duration-ms="24624">
    <groups>
    </groups>
    <test started-at="2024-10-04T21:06:15 IST" name="TC001 in Chrome" finished-at="2024-10-04T21:06:38 IST" duration-ms="23104">
      <class name="testCases.TC002_LoginTest">
        <test-method is-config="true" signature="setup(java.lang.String,java.lang.String)[pri:0, instance:testCases.TC002_LoginTest@5f354bcf]" started-at="2024-10-04T21:06:31 IST" name="setup" finished-at="2024-10-04T21:06:36 IST" duration-ms="4894" status="PASS">
          <params>
            <param index="0">
              <value>
                <![CDATA[windows]]>
              </value>
            </param>
            <param index="1">
              <value>
                <![CDATA[chrome]]>
              </value>
            </param>
          </params>
          <reporter-output>
          </reporter-output>
        </test-method> <!-- setup -->
        <test-method signature="verify_Login()[pri:0, instance:testCases.TC002_LoginTest@5f354bcf]" started-at="2024-10-04T21:06:36 IST" name="verify_Login" finished-at="2024-10-04T21:06:38 IST" duration-ms="2073" status="PASS">
          <reporter-output>
          </reporter-output>
        </test-method> <!-- verify_Login -->
        <test-method is-config="true" signature="teardown()[pri:0, instance:testCases.TC002_LoginTest@5f354bcf]" started-at="2024-10-04T21:06:38 IST" name="teardown" finished-at="2024-10-04T21:06:38 IST" duration-ms="1" status="PASS">
          <reporter-output>
          </reporter-output>
        </test-method> <!-- teardown -->
      </class> <!-- testCases.TC002_LoginTest -->
      <class name="testCases.TC001_AccountRegistrationTest">
        <test-method is-config="true" signature="setup(java.lang.String,java.lang.String)[pri:0, instance:testCases.TC001_AccountRegistrationTest@27216cd]" started-at="2024-10-04T21:06:15 IST" name="setup" finished-at="2024-10-04T21:06:28 IST" duration-ms="13340" status="PASS">
          <params>
            <param index="0">
              <value>
                <![CDATA[windows]]>
              </value>
            </param>
            <param index="1">
              <value>
                <![CDATA[chrome]]>
              </value>
            </param>
          </params>
          <reporter-output>
          </reporter-output>
        </test-method> <!-- setup -->
        <test-method signature="verify_account_registration()[pri:0, instance:testCases.TC001_AccountRegistrationTest@27216cd]" started-at="2024-10-04T21:06:28 IST" name="verify_account_registration" finished-at="2024-10-04T21:06:31 IST" duration-ms="2734" status="PASS">
          <reporter-output>
          </reporter-output>
        </test-method> <!-- verify_account_registration -->
        <test-method is-config="true" signature="teardown()[pri:0, instance:testCases.TC001_AccountRegistrationTest@27216cd]" started-at="2024-10-04T21:06:31 IST" name="teardown" finished-at="2024-10-04T21:06:31 IST" duration-ms="0" status="PASS">
          <reporter-output>
          </reporter-output>
        </test-method> <!-- teardown -->
      </class> <!-- testCases.TC001_AccountRegistrationTest -->
    </test> <!-- TC001 in Chrome -->
    <test started-at="2024-10-04T21:06:15 IST" name="TC002 in Edge" finished-at="2024-10-04T21:06:40 IST" duration-ms="24624">
      <class name="testCases.TC002_LoginTest">
        <test-method is-config="true" signature="setup(java.lang.String,java.lang.String)[pri:0, instance:testCases.TC002_LoginTest@39de3d36]" started-at="2024-10-04T21:06:31 IST" name="setup" finished-at="2024-10-04T21:06:38 IST" duration-ms="6785" status="PASS">
          <params>
            <param index="0">
              <value>
                <![CDATA[windows]]>
              </value>
            </param>
            <param index="1">
              <value>
                <![CDATA[edge]]>
              </value>
            </param>
          </params>
          <reporter-output>
          </reporter-output>
        </test-method> <!-- setup -->
        <test-method signature="verify_Login()[pri:0, instance:testCases.TC002_LoginTest@39de3d36]" started-at="2024-10-04T21:06:38 IST" name="verify_Login" finished-at="2024-10-04T21:06:40 IST" duration-ms="1458" status="PASS">
          <reporter-output>
          </reporter-output>
        </test-method> <!-- verify_Login -->
        <test-method is-config="true" signature="teardown()[pri:0, instance:testCases.TC002_LoginTest@39de3d36]" started-at="2024-10-04T21:06:40 IST" name="teardown" finished-at="2024-10-04T21:06:40 IST" duration-ms="1" status="PASS">
          <reporter-output>
          </reporter-output>
        </test-method> <!-- teardown -->
      </class> <!-- testCases.TC002_LoginTest -->
      <class name="testCases.TC001_AccountRegistrationTest">
        <test-method is-config="true" signature="setup(java.lang.String,java.lang.String)[pri:0, instance:testCases.TC001_AccountRegistrationTest@6581dc0a]" started-at="2024-10-04T21:06:15 IST" name="setup" finished-at="2024-10-04T21:06:28 IST" duration-ms="12950" status="PASS">
          <params>
            <param index="0">
              <value>
                <![CDATA[windows]]>
              </value>
            </param>
            <param index="1">
              <value>
                <![CDATA[edge]]>
              </value>
            </param>
          </params>
          <reporter-output>
          </reporter-output>
        </test-method> <!-- setup -->
        <test-method signature="verify_account_registration()[pri:0, instance:testCases.TC001_AccountRegistrationTest@6581dc0a]" started-at="2024-10-04T21:06:28 IST" name="verify_account_registration" finished-at="2024-10-04T21:06:31 IST" duration-ms="3345" status="PASS">
          <reporter-output>
          </reporter-output>
        </test-method> <!-- verify_account_registration -->
        <test-method is-config="true" signature="teardown()[pri:0, instance:testCases.TC001_AccountRegistrationTest@6581dc0a]" started-at="2024-10-04T21:06:31 IST" name="teardown" finished-at="2024-10-04T21:06:31 IST" duration-ms="1" status="PASS">
          <reporter-output>
          </reporter-output>
        </test-method> <!-- teardown -->
      </class> <!-- testCases.TC001_AccountRegistrationTest -->
    </test> <!-- TC002 in Edge -->
  </suite> <!-- Suite -->
</testng-results>
